<?xml version="1.0" encoding="UTF-8"?>
<testsuite xmlns:xsi="http://www.w3.org/2001/XMLSchema-instance" xsi:noNamespaceSchemaLocation="https://maven.apache.org/surefire/maven-surefire-plugin/xsd/surefire-test-report.xsd" name="TestSuite" time="0.933" tests="25" errors="0" skipped="0" failures="0">
  <properties>
    <property name="gopherProxySet" value="false"/>
    <property name="awt.toolkit" value="sun.lwawt.macosx.LWCToolkit"/>
    <property name="file.encoding.pkg" value="sun.io"/>
    <property name="java.specification.version" value="1.8"/>
    <property name="sun.cpu.isalist" value=""/>
    <property name="sun.jnu.encoding" value="UTF-8"/>
    <property name="java.class.path" value="/Users/waleed.elbarbary/IdeaProjects/TelephoneDialPad-test/target/test-classes:/Users/waleed.elbarbary/IdeaProjects/TelephoneDialPad-test/target/classes:/Users/waleed.elbarbary/.m2/repository/org/testng/testng/6.14.2/testng-6.14.2.jar:/Users/waleed.elbarbary/.m2/repository/com/beust/jcommander/1.72/jcommander-1.72.jar:/Users/waleed.elbarbary/.m2/repository/org/apache-extras/beanshell/bsh/2.0b6/bsh-2.0b6.jar:/Users/waleed.elbarbary/.m2/repository/org/apache/poi/poi-ooxml/4.1.2/poi-ooxml-4.1.2.jar:/Users/waleed.elbarbary/.m2/repository/org/apache/poi/poi/4.1.2/poi-4.1.2.jar:/Users/waleed.elbarbary/.m2/repository/commons-codec/commons-codec/1.13/commons-codec-1.13.jar:/Users/waleed.elbarbary/.m2/repository/org/apache/commons/commons-collections4/4.4/commons-collections4-4.4.jar:/Users/waleed.elbarbary/.m2/repository/org/apache/commons/commons-math3/3.6.1/commons-math3-3.6.1.jar:/Users/waleed.elbarbary/.m2/repository/com/zaxxer/SparseBitSet/1.2/SparseBitSet-1.2.jar:/Users/waleed.elbarbary/.m2/repository/org/apache/poi/poi-ooxml-schemas/4.1.2/poi-ooxml-schemas-4.1.2.jar:/Users/waleed.elbarbary/.m2/repository/org/apache/xmlbeans/xmlbeans/3.1.0/xmlbeans-3.1.0.jar:/Users/waleed.elbarbary/.m2/repository/org/apache/commons/commons-compress/1.19/commons-compress-1.19.jar:/Users/waleed.elbarbary/.m2/repository/com/github/virtuald/curvesapi/1.06/curvesapi-1.06.jar:/Users/waleed.elbarbary/.m2/repository/org/apache/commons/commons-lang3/3.11/commons-lang3-3.11.jar:"/>
    <property name="java.vm.vendor" value="Oracle Corporation"/>
    <property name="sun.arch.data.model" value="64"/>
    <property name="java.vendor.url" value="http://java.oracle.com/"/>
    <property name="user.timezone" value=""/>
    <property name="java.vm.specification.version" value="1.8"/>
    <property name="os.name" value="Mac OS X"/>
    <property name="user.country" value="DE"/>
    <property name="sun.java.launcher" value="SUN_STANDARD"/>
    <property name="sun.boot.library.path" value="/Library/Java/JavaVirtualMachines/jdk1.8.0_241.jdk/Contents/Home/jre/lib"/>
    <property name="sun.java.command" value="/Users/waleed.elbarbary/IdeaProjects/TelephoneDialPad-test/target/surefire/surefirebooter7089898713895071039.jar /Users/waleed.elbarbary/IdeaProjects/TelephoneDialPad-test/target/surefire 2020-07-28T20-22-23_671-jvmRun1 surefire9098267085897139904tmp surefire_08545658258818506735tmp"/>
    <property name="surefire.test.class.path" value="/Users/waleed.elbarbary/IdeaProjects/TelephoneDialPad-test/target/test-classes:/Users/waleed.elbarbary/IdeaProjects/TelephoneDialPad-test/target/classes:/Users/waleed.elbarbary/.m2/repository/org/testng/testng/6.14.2/testng-6.14.2.jar:/Users/waleed.elbarbary/.m2/repository/com/beust/jcommander/1.72/jcommander-1.72.jar:/Users/waleed.elbarbary/.m2/repository/org/apache-extras/beanshell/bsh/2.0b6/bsh-2.0b6.jar:/Users/waleed.elbarbary/.m2/repository/org/apache/poi/poi-ooxml/4.1.2/poi-ooxml-4.1.2.jar:/Users/waleed.elbarbary/.m2/repository/org/apache/poi/poi/4.1.2/poi-4.1.2.jar:/Users/waleed.elbarbary/.m2/repository/commons-codec/commons-codec/1.13/commons-codec-1.13.jar:/Users/waleed.elbarbary/.m2/repository/org/apache/commons/commons-collections4/4.4/commons-collections4-4.4.jar:/Users/waleed.elbarbary/.m2/repository/org/apache/commons/commons-math3/3.6.1/commons-math3-3.6.1.jar:/Users/waleed.elbarbary/.m2/repository/com/zaxxer/SparseBitSet/1.2/SparseBitSet-1.2.jar:/Users/waleed.elbarbary/.m2/repository/org/apache/poi/poi-ooxml-schemas/4.1.2/poi-ooxml-schemas-4.1.2.jar:/Users/waleed.elbarbary/.m2/repository/org/apache/xmlbeans/xmlbeans/3.1.0/xmlbeans-3.1.0.jar:/Users/waleed.elbarbary/.m2/repository/org/apache/commons/commons-compress/1.19/commons-compress-1.19.jar:/Users/waleed.elbarbary/.m2/repository/com/github/virtuald/curvesapi/1.06/curvesapi-1.06.jar:/Users/waleed.elbarbary/.m2/repository/org/apache/commons/commons-lang3/3.11/commons-lang3-3.11.jar:"/>
    <property name="sun.cpu.endian" value="little"/>
    <property name="user.home" value="/Users/waleed.elbarbary"/>
    <property name="user.language" value="en"/>
    <property name="java.specification.vendor" value="Oracle Corporation"/>
    <property name="java.home" value="/Library/Java/JavaVirtualMachines/jdk1.8.0_241.jdk/Contents/Home/jre"/>
    <property name="basedir" value="/Users/waleed.elbarbary/IdeaProjects/TelephoneDialPad-test"/>
    <property name="file.separator" value="/"/>
    <property name="line.separator" value="&#10;"/>
    <property name="java.vm.specification.vendor" value="Oracle Corporation"/>
    <property name="java.specification.name" value="Java Platform API Specification"/>
    <property name="java.awt.graphicsenv" value="sun.awt.CGraphicsEnvironment"/>
    <property name="surefire.real.class.path" value="/Users/waleed.elbarbary/IdeaProjects/TelephoneDialPad-test/target/surefire/surefirebooter7089898713895071039.jar"/>
    <property name="sun.boot.class.path" value="/Library/Java/JavaVirtualMachines/jdk1.8.0_241.jdk/Contents/Home/jre/lib/resources.jar:/Library/Java/JavaVirtualMachines/jdk1.8.0_241.jdk/Contents/Home/jre/lib/rt.jar:/Library/Java/JavaVirtualMachines/jdk1.8.0_241.jdk/Contents/Home/jre/lib/sunrsasign.jar:/Library/Java/JavaVirtualMachines/jdk1.8.0_241.jdk/Contents/Home/jre/lib/jsse.jar:/Library/Java/JavaVirtualMachines/jdk1.8.0_241.jdk/Contents/Home/jre/lib/jce.jar:/Library/Java/JavaVirtualMachines/jdk1.8.0_241.jdk/Contents/Home/jre/lib/charsets.jar:/Library/Java/JavaVirtualMachines/jdk1.8.0_241.jdk/Contents/Home/jre/lib/jfr.jar:/Library/Java/JavaVirtualMachines/jdk1.8.0_241.jdk/Contents/Home/jre/classes"/>
    <property name="sun.management.compiler" value="HotSpot 64-Bit Tiered Compilers"/>
    <property name="java.runtime.version" value="1.8.0_241-b07"/>
    <property name="user.name" value="waleed.elbarbary"/>
    <property name="path.separator" value=":"/>
    <property name="os.version" value="10.15.2"/>
    <property name="java.endorsed.dirs" value="/Library/Java/JavaVirtualMachines/jdk1.8.0_241.jdk/Contents/Home/jre/lib/endorsed"/>
    <property name="java.runtime.name" value="Java(TM) SE Runtime Environment"/>
    <property name="file.encoding" value="US-ASCII"/>
    <property name="java.vm.name" value="Java HotSpot(TM) 64-Bit Server VM"/>
    <property name="localRepository" value="/Users/waleed.elbarbary/.m2/repository"/>
    <property name="java.vendor.url.bug" value="http://bugreport.sun.com/bugreport/"/>
    <property name="java.io.tmpdir" value="/var/folders/f2/d2k1smv92w7dfc_gcq_b_8psr9m_87/T/"/>
    <property name="java.version" value="1.8.0_241"/>
    <property name="user.dir" value="/Users/waleed.elbarbary/IdeaProjects/TelephoneDialPad-test"/>
    <property name="os.arch" value="x86_64"/>
    <property name="java.vm.specification.name" value="Java Virtual Machine Specification"/>
    <property name="java.awt.printerjob" value="sun.lwawt.macosx.CPrinterJob"/>
    <property name="sun.os.patch.level" value="unknown"/>
    <property name="java.library.path" value="/Users/waleed.elbarbary/Library/Java/Extensions:/Library/Java/Extensions:/Network/Library/Java/Extensions:/System/Library/Java/Extensions:/usr/lib/java:."/>
    <property name="idea.version2019.3.2" value="true"/>
    <property name="java.vm.info" value="mixed mode"/>
    <property name="java.vendor" value="Oracle Corporation"/>
    <property name="java.vm.version" value="25.241-b07"/>
    <property name="java.ext.dirs" value="/Users/waleed.elbarbary/Library/Java/Extensions:/Library/Java/JavaVirtualMachines/jdk1.8.0_241.jdk/Contents/Home/jre/lib/ext:/Library/Java/Extensions:/Network/Library/Java/Extensions:/System/Library/Java/Extensions:/usr/lib/java"/>
    <property name="sun.io.unicode.encoding" value="UnicodeBig"/>
    <property name="java.class.version" value="52.0"/>
  </properties>
  <testcase name="testValidSingleInputs" classname="TestCases.testSingleInput" time="0.018"/>
  <testcase name="testValidSingleInputs" classname="TestCases.testSingleInput" time="0"/>
  <testcase name="testValidSingleInputs" classname="TestCases.testSingleInput" time="0.005"/>
  <testcase name="testValidSingleInputs" classname="TestCases.testSingleInput" time="0.001"/>
  <testcase name="testValidSingleInputs" classname="TestCases.testSingleInput" time="0.001"/>
  <testcase name="testValidSingleInputs" classname="TestCases.testSingleInput" time="0"/>
  <testcase name="testValidSingleInputs" classname="TestCases.testSingleInput" time="0.001"/>
  <testcase name="testValidSingleInputs" classname="TestCases.testSingleInput" time="0.001"/>
  <testcase name="testValidSingleInputs" classname="TestCases.testSingleInput" time="0"/>
  <testcase name="testValidSingleInputs" classname="TestCases.testSingleInput" time="0"/>
  <testcase name="testValidRandomInputs" classname="TestCases.testRandomInput" time="0.001"/>
  <testcase name="testValidRandomInputs" classname="TestCases.testRandomInput" time="0.001"/>
  <testcase name="testValidRandomInputs" classname="TestCases.testRandomInput" time="0.001"/>
  <testcase name="testValidRandomInputs" classname="TestCases.testRandomInput" time="0.001"/>
  <testcase name="testValidRandomInputs" classname="TestCases.testRandomInput" time="0.005"/>
  <testcase name="testValidRandomInputs" classname="TestCases.testRandomInput" time="0.001"/>
  <testcase name="testValidRandomInputs" classname="TestCases.testRandomInput" time="0.01"/>
  <testcase name="testValidRandomInputs" classname="TestCases.testRandomInput" time="0.001"/>
  <testcase name="testValidRandomInputs" classname="TestCases.testRandomInput" time="0.001"/>
  <testcase name="testInvalidInputs" classname="TestCases.testInvalidInput" time="0.001"/>
  <testcase name="testInvalidInputs" classname="TestCases.testInvalidInput" time="0"/>
  <testcase name="testInvalidInputs" classname="TestCases.testInvalidInput" time="0"/>
  <testcase name="testInvalidInputs" classname="TestCases.testInvalidInput" time="0.001"/>
  <testcase name="testInvalidInputs" classname="TestCases.testInvalidInput" time="0"/>
  <testcase name="testInvalidInputs" classname="TestCases.testInvalidInput" time="0"/>
</testsuite>