<?xml version="1.0" encoding="UTF-8"?>
<!-- Generated by org.testng.reporters.JUnitReportReporter -->
<testsuite skipped="0" hostname="C02ZT4V4MD6R" name="TestCases.testSingleInput" tests="10" failures="0" timestamp="10 Aug 2020 09:33:49 GMT" time="0.030" errors="0">
  <testcase name="testValidSingleInputs" time="0.000" classname="TestCases.testSingleInput"/>
  <testcase name="testValidSingleInputs" time="0.001" classname="TestCases.testSingleInput"/>
  <testcase name="testValidSingleInputs" time="0.001" classname="TestCases.testSingleInput"/>
  <testcase name="testValidSingleInputs" time="0.001" classname="TestCases.testSingleInput"/>
  <testcase name="testValidSingleInputs" time="0.026" classname="TestCases.testSingleInput"/>
  <testcase name="testValidSingleInputs" time="0.000" classname="TestCases.testSingleInput"/>
  <testcase name="testValidSingleInputs" time="0.000" classname="TestCases.testSingleInput"/>
  <testcase name="testValidSingleInputs" time="0.000" classname="TestCases.testSingleInput"/>
  <testcase name="testValidSingleInputs" time="0.000" classname="TestCases.testSingleInput"/>
  <testcase name="testValidSingleInputs" time="0.001" classname="TestCases.testSingleInput"/>
</testsuite> <!-- TestCases.testSingleInput -->
