<?xml version="1.0" encoding="UTF-8"?>
<!-- Generated by org.testng.reporters.JUnitReportReporter -->
<testsuite skipped="0" hostname="C02ZT4V4MD6R" name="TestCases.testRandomInput" tests="9" failures="0" timestamp="10 Aug 2020 09:33:49 GMT" time="0.027" errors="0">
  <testcase name="testValidRandomInputs" time="0.004" classname="TestCases.testRandomInput"/>
  <testcase name="testValidRandomInputs" time="0.001" classname="TestCases.testRandomInput"/>
  <testcase name="testValidRandomInputs" time="0.003" classname="TestCases.testRandomInput"/>
  <testcase name="testValidRandomInputs" time="0.002" classname="TestCases.testRandomInput"/>
  <testcase name="testValidRandomInputs" time="0.005" classname="TestCases.testRandomInput"/>
  <testcase name="testValidRandomInputs" time="0.001" classname="TestCases.testRandomInput"/>
  <testcase name="testValidRandomInputs" time="0.003" classname="TestCases.testRandomInput"/>
  <testcase name="testValidRandomInputs" time="0.006" classname="TestCases.testRandomInput"/>
  <testcase name="testValidRandomInputs" time="0.002" classname="TestCases.testRandomInput"/>
</testsuite> <!-- TestCases.testRandomInput -->
