<?xml version="1.0" encoding="UTF-8"?>
<!-- Generated by org.testng.reporters.JUnitReportReporter -->
<testsuite skipped="0" hostname="C02ZT4V4MD6R" name="TestCases.testInvalidInput" tests="6" failures="0" timestamp="28 Jul 2020 18:22:24 GMT" time="0.004" errors="0">
  <testcase name="testInvalidInputs" time="0.000" classname="TestCases.testInvalidInput"/>
  <testcase name="testInvalidInputs" time="0.000" classname="TestCases.testInvalidInput"/>
  <testcase name="testInvalidInputs" time="0.001" classname="TestCases.testInvalidInput"/>
  <testcase name="testInvalidInputs" time="0.001" classname="TestCases.testInvalidInput"/>
  <testcase name="testInvalidInputs" time="0.001" classname="TestCases.testInvalidInput"/>
  <testcase name="testInvalidInputs" time="0.001" classname="TestCases.testInvalidInput"/>
</testsuite> <!-- TestCases.testInvalidInput -->
